[2025-02-02T22:46:10.390+0000] {local_task_job_runner.py:123} INFO - ::group::Pre task execution logs
[2025-02-02T22:46:10.407+0000] {taskinstance.py:2613} INFO - Dependencies all met for dep_context=non-requeueable deps ti=<TaskInstance: batch_ingestion.load_to_bigquery manual__2025-02-02T22:46:05.125114+00:00 [queued]>
[2025-02-02T22:46:10.416+0000] {taskinstance.py:2613} INFO - Dependencies all met for dep_context=requeueable deps ti=<TaskInstance: batch_ingestion.load_to_bigquery manual__2025-02-02T22:46:05.125114+00:00 [queued]>
[2025-02-02T22:46:10.417+0000] {taskinstance.py:2866} INFO - Starting attempt 1 of 2
[2025-02-02T22:46:10.431+0000] {taskinstance.py:2889} INFO - Executing <Task(GCSToBigQueryOperator): load_to_bigquery> on 2025-02-02 22:46:05.125114+00:00
[2025-02-02T22:46:10.439+0000] {standard_task_runner.py:104} INFO - Running: ['***', 'tasks', 'run', 'batch_ingestion', 'load_to_bigquery', 'manual__2025-02-02T22:46:05.125114+00:00', '--job-id', '44', '--raw', '--subdir', 'DAGS_FOLDER/batch_ingestion.py', '--cfg-path', '/tmp/tmp5ttod_pr']
[2025-02-02T22:46:10.441+0000] {standard_task_runner.py:105} INFO - Job 44: Subtask load_to_bigquery
[2025-02-02T22:46:10.441+0000] {logging_mixin.py:190} WARNING - /home/***/.local/lib/python3.12/site-packages/***/task/task_runner/standard_task_runner.py:70 DeprecationWarning: This process (pid=198) is multi-threaded, use of fork() may lead to deadlocks in the child.
[2025-02-02T22:46:10.442+0000] {standard_task_runner.py:72} INFO - Started process 200 to run task
[2025-02-02T22:46:10.483+0000] {task_command.py:467} INFO - Running <TaskInstance: batch_ingestion.load_to_bigquery manual__2025-02-02T22:46:05.125114+00:00 [running]> on host d55bba951dd7
[2025-02-02T22:46:10.555+0000] {taskinstance.py:3132} INFO - Exporting env vars: AIRFLOW_CTX_DAG_OWNER='***' AIRFLOW_CTX_DAG_ID='batch_ingestion' AIRFLOW_CTX_TASK_ID='load_to_bigquery' AIRFLOW_CTX_EXECUTION_DATE='2025-02-02T22:46:05.125114+00:00' AIRFLOW_CTX_TRY_NUMBER='1' AIRFLOW_CTX_DAG_RUN_ID='manual__2025-02-02T22:46:05.125114+00:00'
[2025-02-02T22:46:10.557+0000] {taskinstance.py:731} INFO - ::endgroup::
[2025-02-02T22:46:10.576+0000] {connection.py:277} WARNING - Connection schemes (type: google_cloud_platform) shall not contain '_' according to RFC3986.
[2025-02-02T22:46:10.580+0000] {base.py:84} INFO - Retrieving connection 'google_cloud_default'
[2025-02-02T22:46:10.582+0000] {gcs_to_bigquery.py:389} INFO - Using existing BigQuery table for storing data...
[2025-02-02T22:46:10.616+0000] {gcs_to_bigquery.py:393} INFO - Executing: {'load': {'autodetect': True, 'createDisposition': 'CREATE_IF_NEEDED', 'destinationTable': {'projectId': 'fit-analytics-pipeline', 'datasetId': 'fitness_data', 'tableId': 'fitness_metrics'}, 'sourceFormat': 'NEWLINE_DELIMITED_JSON', 'sourceUris': ['gs://fitness-data-bucket/batch_data/batch_fitness_data.json'], 'writeDisposition': 'WRITE_APPEND', 'ignoreUnknownValues': False}}
[2025-02-02T22:46:10.618+0000] {bigquery.py:1241} INFO - Inserting job ***_batch_ingestion_load_to_bigquery_2025_02_02T22_46_05_125114_00_00_87f5d541af20fc3474970ba2d071a76a
[2025-02-02T22:46:13.497+0000] {taskinstance.py:340} INFO - ::group::Post task execution logs
[2025-02-02T22:46:13.498+0000] {taskinstance.py:352} INFO - Marking task as SUCCESS. dag_id=batch_ingestion, task_id=load_to_bigquery, run_id=manual__2025-02-02T22:46:05.125114+00:00, execution_date=20250202T224605, start_date=20250202T224610, end_date=20250202T224613
[2025-02-02T22:46:13.552+0000] {local_task_job_runner.py:266} INFO - Task exited with return code 0
[2025-02-02T22:46:13.566+0000] {taskinstance.py:3895} INFO - 0 downstream tasks scheduled from follow-on schedule check
[2025-02-02T22:46:13.569+0000] {local_task_job_runner.py:245} INFO - ::endgroup::
