[2025-02-02T22:39:20.813+0000] {local_task_job_runner.py:123} INFO - ::group::Pre task execution logs
[2025-02-02T22:39:20.829+0000] {taskinstance.py:2613} INFO - Dependencies all met for dep_context=non-requeueable deps ti=<TaskInstance: batch_ingestion.upload_to_gcs manual__2025-02-02T22:39:16.154204+00:00 [queued]>
[2025-02-02T22:39:20.837+0000] {taskinstance.py:2613} INFO - Dependencies all met for dep_context=requeueable deps ti=<TaskInstance: batch_ingestion.upload_to_gcs manual__2025-02-02T22:39:16.154204+00:00 [queued]>
[2025-02-02T22:39:20.838+0000] {taskinstance.py:2866} INFO - Starting attempt 1 of 2
[2025-02-02T22:39:20.851+0000] {taskinstance.py:2889} INFO - Executing <Task(LocalFilesystemToGCSOperator): upload_to_gcs> on 2025-02-02 22:39:16.154204+00:00
[2025-02-02T22:39:20.859+0000] {standard_task_runner.py:104} INFO - Running: ['***', 'tasks', 'run', 'batch_ingestion', 'upload_to_gcs', 'manual__2025-02-02T22:39:16.154204+00:00', '--job-id', '38', '--raw', '--subdir', 'DAGS_FOLDER/batch_ingestion.py', '--cfg-path', '/tmp/tmpkcylhg72']
[2025-02-02T22:39:20.861+0000] {standard_task_runner.py:105} INFO - Job 38: Subtask upload_to_gcs
[2025-02-02T22:39:20.862+0000] {logging_mixin.py:190} WARNING - /home/***/.local/lib/python3.12/site-packages/***/task/task_runner/standard_task_runner.py:70 DeprecationWarning: This process (pid=199) is multi-threaded, use of fork() may lead to deadlocks in the child.
[2025-02-02T22:39:20.863+0000] {standard_task_runner.py:72} INFO - Started process 201 to run task
[2025-02-02T22:39:20.898+0000] {task_command.py:467} INFO - Running <TaskInstance: batch_ingestion.upload_to_gcs manual__2025-02-02T22:39:16.154204+00:00 [running]> on host c6c7c90780af
[2025-02-02T22:39:20.967+0000] {taskinstance.py:3132} INFO - Exporting env vars: AIRFLOW_CTX_DAG_OWNER='***' AIRFLOW_CTX_DAG_ID='batch_ingestion' AIRFLOW_CTX_TASK_ID='upload_to_gcs' AIRFLOW_CTX_EXECUTION_DATE='2025-02-02T22:39:16.154204+00:00' AIRFLOW_CTX_TRY_NUMBER='1' AIRFLOW_CTX_DAG_RUN_ID='manual__2025-02-02T22:39:16.154204+00:00'
[2025-02-02T22:39:20.968+0000] {taskinstance.py:731} INFO - ::endgroup::
[2025-02-02T22:39:20.988+0000] {connection.py:277} WARNING - Connection schemes (type: google_cloud_platform) shall not contain '_' according to RFC3986.
[2025-02-02T22:39:20.993+0000] {base.py:84} INFO - Retrieving connection 'google_cloud_default'
[2025-02-02T22:39:21.706+0000] {gcs.py:578} INFO - File /tmp/batch_fitness_data.json uploaded to batch_data/batch_fitness_data.json in fitness-data-bucket bucket
[2025-02-02T22:39:21.707+0000] {hook.py:208} WARNING - Data lineage tracking is disabled. Register a hook lineage reader to start tracking hook lineage.
[2025-02-02T22:39:21.716+0000] {taskinstance.py:340} INFO - ::group::Post task execution logs
[2025-02-02T22:39:21.717+0000] {taskinstance.py:352} INFO - Marking task as SUCCESS. dag_id=batch_ingestion, task_id=upload_to_gcs, run_id=manual__2025-02-02T22:39:16.154204+00:00, execution_date=20250202T223916, start_date=20250202T223920, end_date=20250202T223921
[2025-02-02T22:39:21.763+0000] {local_task_job_runner.py:266} INFO - Task exited with return code 0
[2025-02-02T22:39:21.782+0000] {taskinstance.py:3895} INFO - 1 downstream tasks scheduled from follow-on schedule check
[2025-02-02T22:39:21.792+0000] {local_task_job_runner.py:245} INFO - ::endgroup::
