[2025-02-02T21:58:12.745+0000] {local_task_job_runner.py:123} INFO - ::group::Pre task execution logs
[2025-02-02T21:58:12.764+0000] {taskinstance.py:2613} INFO - Dependencies all met for dep_context=non-requeueable deps ti=<TaskInstance: batch_ingestion.upload_to_gcs manual__2025-02-02T21:58:06.983771+00:00 [queued]>
[2025-02-02T21:58:12.774+0000] {taskinstance.py:2613} INFO - Dependencies all met for dep_context=requeueable deps ti=<TaskInstance: batch_ingestion.upload_to_gcs manual__2025-02-02T21:58:06.983771+00:00 [queued]>
[2025-02-02T21:58:12.775+0000] {taskinstance.py:2866} INFO - Starting attempt 1 of 2
[2025-02-02T21:58:12.790+0000] {taskinstance.py:2889} INFO - Executing <Task(LocalFilesystemToGCSOperator): upload_to_gcs> on 2025-02-02 21:58:06.983771+00:00
[2025-02-02T21:58:12.800+0000] {standard_task_runner.py:104} INFO - Running: ['***', 'tasks', 'run', 'batch_ingestion', 'upload_to_gcs', 'manual__2025-02-02T21:58:06.983771+00:00', '--job-id', '33', '--raw', '--subdir', 'DAGS_FOLDER/batch_ingestion.py', '--cfg-path', '/tmp/tmp_lamyuz3']
[2025-02-02T21:58:12.802+0000] {logging_mixin.py:190} WARNING - /home/***/.local/lib/python3.12/site-packages/***/task/task_runner/standard_task_runner.py:70 DeprecationWarning: This process (pid=220) is multi-threaded, use of fork() may lead to deadlocks in the child.
[2025-02-02T21:58:12.803+0000] {standard_task_runner.py:105} INFO - Job 33: Subtask upload_to_gcs
[2025-02-02T21:58:12.803+0000] {standard_task_runner.py:72} INFO - Started process 222 to run task
[2025-02-02T21:58:12.850+0000] {task_command.py:467} INFO - Running <TaskInstance: batch_ingestion.upload_to_gcs manual__2025-02-02T21:58:06.983771+00:00 [running]> on host 4623bd4a7228
[2025-02-02T21:58:12.919+0000] {taskinstance.py:3132} INFO - Exporting env vars: AIRFLOW_CTX_DAG_OWNER='***' AIRFLOW_CTX_DAG_ID='batch_ingestion' AIRFLOW_CTX_TASK_ID='upload_to_gcs' AIRFLOW_CTX_EXECUTION_DATE='2025-02-02T21:58:06.983771+00:00' AIRFLOW_CTX_TRY_NUMBER='1' AIRFLOW_CTX_DAG_RUN_ID='manual__2025-02-02T21:58:06.983771+00:00'
[2025-02-02T21:58:12.920+0000] {taskinstance.py:731} INFO - ::endgroup::
[2025-02-02T21:58:12.945+0000] {connection.py:277} WARNING - Connection schemes (type: google_cloud_platform) shall not contain '_' according to RFC3986.
[2025-02-02T21:58:12.951+0000] {base.py:84} INFO - Retrieving connection 'google_cloud_default'
[2025-02-02T21:58:13.719+0000] {gcs.py:578} INFO - File /tmp/batch_fitness_data.json uploaded to batch_data/batch_fitness_data.json in fitness-data-bucket bucket
[2025-02-02T21:58:13.720+0000] {hook.py:208} WARNING - Data lineage tracking is disabled. Register a hook lineage reader to start tracking hook lineage.
[2025-02-02T21:58:13.738+0000] {taskinstance.py:340} INFO - ::group::Post task execution logs
[2025-02-02T21:58:13.739+0000] {taskinstance.py:352} INFO - Marking task as SUCCESS. dag_id=batch_ingestion, task_id=upload_to_gcs, run_id=manual__2025-02-02T21:58:06.983771+00:00, execution_date=20250202T215806, start_date=20250202T215812, end_date=20250202T215813
[2025-02-02T21:58:13.785+0000] {local_task_job_runner.py:266} INFO - Task exited with return code 0
[2025-02-02T21:58:13.803+0000] {taskinstance.py:3895} INFO - 1 downstream tasks scheduled from follow-on schedule check
[2025-02-02T21:58:13.806+0000] {local_task_job_runner.py:245} INFO - ::endgroup::
