[2025-02-02T22:46:08.265+0000] {local_task_job_runner.py:123} INFO - ::group::Pre task execution logs
[2025-02-02T22:46:08.281+0000] {taskinstance.py:2613} INFO - Dependencies all met for dep_context=non-requeueable deps ti=<TaskInstance: batch_ingestion.upload_to_gcs manual__2025-02-02T22:46:05.125114+00:00 [queued]>
[2025-02-02T22:46:08.290+0000] {taskinstance.py:2613} INFO - Dependencies all met for dep_context=requeueable deps ti=<TaskInstance: batch_ingestion.upload_to_gcs manual__2025-02-02T22:46:05.125114+00:00 [queued]>
[2025-02-02T22:46:08.291+0000] {taskinstance.py:2866} INFO - Starting attempt 1 of 2
[2025-02-02T22:46:08.304+0000] {taskinstance.py:2889} INFO - Executing <Task(LocalFilesystemToGCSOperator): upload_to_gcs> on 2025-02-02 22:46:05.125114+00:00
[2025-02-02T22:46:08.312+0000] {standard_task_runner.py:104} INFO - Running: ['***', 'tasks', 'run', 'batch_ingestion', 'upload_to_gcs', 'manual__2025-02-02T22:46:05.125114+00:00', '--job-id', '43', '--raw', '--subdir', 'DAGS_FOLDER/batch_ingestion.py', '--cfg-path', '/tmp/tmp1oqxm1nk']
[2025-02-02T22:46:08.315+0000] {logging_mixin.py:190} WARNING - /home/***/.local/lib/python3.12/site-packages/***/task/task_runner/standard_task_runner.py:70 DeprecationWarning: This process (pid=194) is multi-threaded, use of fork() may lead to deadlocks in the child.
[2025-02-02T22:46:08.315+0000] {standard_task_runner.py:105} INFO - Job 43: Subtask upload_to_gcs
[2025-02-02T22:46:08.316+0000] {standard_task_runner.py:72} INFO - Started process 196 to run task
[2025-02-02T22:46:08.361+0000] {task_command.py:467} INFO - Running <TaskInstance: batch_ingestion.upload_to_gcs manual__2025-02-02T22:46:05.125114+00:00 [running]> on host d55bba951dd7
[2025-02-02T22:46:08.434+0000] {taskinstance.py:3132} INFO - Exporting env vars: AIRFLOW_CTX_DAG_OWNER='***' AIRFLOW_CTX_DAG_ID='batch_ingestion' AIRFLOW_CTX_TASK_ID='upload_to_gcs' AIRFLOW_CTX_EXECUTION_DATE='2025-02-02T22:46:05.125114+00:00' AIRFLOW_CTX_TRY_NUMBER='1' AIRFLOW_CTX_DAG_RUN_ID='manual__2025-02-02T22:46:05.125114+00:00'
[2025-02-02T22:46:08.436+0000] {taskinstance.py:731} INFO - ::endgroup::
[2025-02-02T22:46:08.459+0000] {connection.py:277} WARNING - Connection schemes (type: google_cloud_platform) shall not contain '_' according to RFC3986.
[2025-02-02T22:46:08.464+0000] {base.py:84} INFO - Retrieving connection 'google_cloud_default'
[2025-02-02T22:46:09.193+0000] {gcs.py:578} INFO - File /tmp/batch_fitness_data.json uploaded to batch_data/batch_fitness_data.json in fitness-data-bucket bucket
[2025-02-02T22:46:09.194+0000] {hook.py:208} WARNING - Data lineage tracking is disabled. Register a hook lineage reader to start tracking hook lineage.
[2025-02-02T22:46:09.205+0000] {taskinstance.py:340} INFO - ::group::Post task execution logs
[2025-02-02T22:46:09.206+0000] {taskinstance.py:352} INFO - Marking task as SUCCESS. dag_id=batch_ingestion, task_id=upload_to_gcs, run_id=manual__2025-02-02T22:46:05.125114+00:00, execution_date=20250202T224605, start_date=20250202T224608, end_date=20250202T224609
[2025-02-02T22:46:09.254+0000] {local_task_job_runner.py:266} INFO - Task exited with return code 0
[2025-02-02T22:46:09.273+0000] {taskinstance.py:3895} INFO - 1 downstream tasks scheduled from follow-on schedule check
[2025-02-02T22:46:09.276+0000] {local_task_job_runner.py:245} INFO - ::endgroup::
